<?xml version="1.0" encoding="UTF-8"?>
<!-- Generated by org.testng.reporters.JUnitXMLReporter -->
<testsuite hostname="TVMATP407267D" name="Default test" tests="4" failures="0" timestamp="30 Mar 2017 13:58:08 GMT" time="301.127" errors="0">
  <testcase name="t01_Verify_if_information_Icon_Works_Fine" time="45.958" classname="nz.co.westpac.test.RegressionTest"/>
  <testcase name="tc02_Verify_if_tax_projections_are_displayed__For_Employed" time="48.275" classname="nz.co.westpac.test.RegressionTest"/>
  <testcase name="tc03_Verify_if_tax_projections_are_displayed__For_Self_Employed" time="48.837" classname="nz.co.westpac.test.RegressionTest"/>
  <testcase name="tc04_Verify_if_tax_projections_are_displayed__For_UnEmployed" time="51.865" classname="nz.co.westpac.test.RegressionTest"/>
</testsuite> <!-- Default test -->
