<?xml version="1.0" encoding="UTF-8"?>
<testng-results skipped="0" failed="0" total="1" passed="1">
  <reporter-output>
    <line>
      <![CDATA[Passed: Maximizing the window...]]>
    </line>
    <line>
      <![CDATA[Passed: Mouse hover on element successfull...]]>
    </line>
    <line>
      <![CDATA[Passed: Clicked on the kiwi saver calculator button successfully...]]>
    </line>
    <line>
      <![CDATA[Passed: Clicked on the click on to get started button successfully...]]>
    </line>
    <line>
      <![CDATA[Passed:Clicked on the age info icon...]]>
    </line>
    <line>
      <![CDATA[Passed:Field info is present on clicking the info icon...]]>
    </line>
  </reporter-output>
  <suite name="Default suite" duration-ms="57458" started-at="2017-03-30T05:21:13Z" finished-at="2017-03-30T05:22:10Z">
    <groups>
      <group name="Passed">
        <method signature="RegressionTest.t01_Verify_if_information_Icon_Works_Fine()[pri:0, instance:nz.co.westpac.test.RegressionTest@5939a379]" name="t01_Verify_if_information_Icon_Works_Fine" class="nz.co.westpac.test.RegressionTest"/>
      </group> <!-- Passed -->
    </groups>
    <test name="Default test" duration-ms="57458" started-at="2017-03-30T05:21:13Z" finished-at="2017-03-30T05:22:10Z">
      <class name="nz.co.westpac.test.RegressionTest">
        <test-method status="PASS" signature="t01_Verify_if_information_Icon_Works_Fine()[pri:0, instance:nz.co.westpac.test.RegressionTest@5939a379]" name="t01_Verify_if_information_Icon_Works_Fine" duration-ms="57063" started-at="2017-03-30T10:51:13Z" description="verify if the user is able to get a clear understanding of what needs to be entered in the field." finished-at="2017-03-30T10:52:10Z">
          <reporter-output>
            <line>
              <![CDATA[Passed: Maximizing the window...]]>
            </line>
            <line>
              <![CDATA[Passed: Mouse hover on element successfull...]]>
            </line>
            <line>
              <![CDATA[Passed: Clicked on the kiwi saver calculator button successfully...]]>
            </line>
            <line>
              <![CDATA[Passed: Clicked on the click on to get started button successfully...]]>
            </line>
            <line>
              <![CDATA[Passed:Clicked on the age info icon...]]>
            </line>
            <line>
              <![CDATA[Passed:Field info is present on clicking the info icon...]]>
            </line>
          </reporter-output>
        </test-method> <!-- t01_Verify_if_information_Icon_Works_Fine -->
        <test-method status="PASS" signature="quit()[pri:0, instance:nz.co.westpac.test.RegressionTest@5939a379]" name="quit" is-config="true" duration-ms="225" started-at="2017-03-30T10:52:10Z" finished-at="2017-03-30T10:52:10Z">
          <reporter-output>
          </reporter-output>
        </test-method> <!-- quit -->
      </class> <!-- nz.co.westpac.test.RegressionTest -->
    </test> <!-- Default test -->
  </suite> <!-- Default suite -->
</testng-results>
